[2023-02-23 12:34:43] [ INFO ] [CategoriaService:25] Se inició el listado de todas las Categorias
[2023-02-23 12:38:05] [ INFO ] [CategoriaService:30] Se inició una operación de guardado de la categoria con titulo: economi
[2023-02-23 12:39:59] [ INFO ] [CategoriaService:56] Se inició una operación de búsqueda de la categoria con id=1
[2023-02-23 12:40:46] [ INFO ] [CategoriaService:56] Se inició una operación de búsqueda de la categoria con id=1
[2023-02-23 12:40:46] [ WARN ] [CategoriaService:45] Se realizo una operación de eliminación de la categoria conid=1
[2023-02-23 12:41:04] [ INFO ] [CategoriaService:30] Se inició una operación de guardado de la categoria con titulo: economi
[2023-02-23 12:41:08] [ INFO ] [CategoriaService:56] Se inició una operación de búsqueda de la categoria con id=1
[2023-02-23 12:41:13] [ INFO ] [CategoriaService:56] Se inició una operación de búsqueda de la categoria con id=2
[2023-02-23 12:43:56] [ INFO ] [CategoriaService:56] Se inició una operación de búsqueda de la categoria con id=1
[2023-02-23 12:44:22] [ INFO ] [CategoriaService:56] Se inició una operación de búsqueda de la categoria con id=2
[2023-02-23 12:44:22] [ INFO ] [CategoriaService:36] Se inició una operación de actualización de la categoria con id=2
[2023-03-03 18:48:48] [ INFO ] [ProductoService:33] Se inició una operación de guardado de la producto con titulo: Autito
[2023-03-03 18:49:09] [ INFO ] [ProductoService:33] Se inició una operación de guardado de la producto con titulo: Autito
[2023-03-03 18:49:52] [ INFO ] [ProductoService:33] Se inició una operación de guardado de la producto con titulo: Autito
[2023-03-03 18:50:04] [ INFO ] [ProductoService:33] Se inició una operación de guardado de la producto con titulo: Autito
[2023-03-03 18:50:46] [ INFO ] [ProductoService:33] Se inició una operación de guardado de la producto con titulo: Autito
[2023-03-03 18:50:50] [ INFO ] [ProductoService:33] Se inició una operación de guardado de la producto con titulo: Autito
[2023-03-03 18:56:09] [ INFO ] [ProductoService:33] Se inició una operación de guardado de la producto con titulo: Autito
[2023-03-04 16:02:40] [ INFO ] [ProductoService:33] Se inició una operación de guardado de la producto con titulo: Autito
[2023-03-04 16:04:11] [ INFO ] [ProductoService:28] Se inició el listado de todas las productos
[2023-03-04 16:06:27] [ INFO ] [ProductoService:33] Se inició una operación de guardado de la producto con titulo: Autito
[2023-03-04 16:06:34] [ INFO ] [ProductoService:28] Se inició el listado de todas las productos
[2023-03-04 16:07:10] [ INFO ] [ProductoService:59] Se inició una operación de búsqueda de la producto con id=1
[2023-03-04 16:07:15] [ INFO ] [ProductoService:59] Se inició una operación de búsqueda de la producto con id=7
[2023-03-04 16:08:29] [ INFO ] [ProductoService:59] Se inició una operación de búsqueda de la producto con id=8
[2023-03-04 16:08:29] [ WARN ] [ProductoService:48] Se realizo una operación de eliminación de la producto conid=8
[2023-03-04 16:08:36] [ INFO ] [ProductoService:59] Se inició una operación de búsqueda de la producto con id=8
[2023-03-04 16:09:40] [ INFO ] [ProductoService:59] Se inició una operación de búsqueda de la producto con id=null
[2023-03-04 16:09:55] [ INFO ] [ProductoService:59] Se inició una operación de búsqueda de la producto con id=7
[2023-03-04 16:09:55] [ INFO ] [ProductoService:39] Se inició una operación de actualización de la producto con id=7
[2023-03-04 16:10:02] [ INFO ] [ProductoService:59] Se inició una operación de búsqueda de la producto con id=7
[2023-03-04 16:13:44] [ INFO ] [CategoriaService:30] Se inició una operación de guardado de la categoria con titulo: asdf
[2023-03-04 16:14:43] [ INFO ] [ProductoService:33] Se inició una operación de guardado de la producto con titulo: Autito
[2023-03-04 16:15:20] [ INFO ] [ProductoService:33] Se inició una operación de guardado de la producto con titulo: Autito
[2023-03-04 16:36:12] [ INFO ] [ProductoService:33] Se inició una operación de guardado de la producto con titulo: Autito
[2023-03-04 16:36:46] [ INFO ] [ProductoService:33] Se inició una operación de guardado de la producto con titulo: Autito
[2023-03-04 16:38:35] [ INFO ] [ProductoService:33] Se inició una operación de guardado de la producto con titulo: Autito
[2023-03-04 16:42:51] [ INFO ] [ProductoService:33] Se inició una operación de guardado de la producto con titulo: Autito
[2023-03-04 16:43:30] [ INFO ] [ProductoService:33] Se inició una operación de guardado de la producto con titulo: Autito
[2023-03-04 16:43:48] [ INFO ] [ProductoService:33] Se inició una operación de guardado de la producto con titulo: Autito
[2023-03-04 16:44:13] [ INFO ] [ProductoService:33] Se inició una operación de guardado de la producto con titulo: Autito
[2023-03-04 16:44:22] [ INFO ] [ProductoService:33] Se inició una operación de guardado de la producto con titulo: Autito
[2023-03-04 16:49:48] [ INFO ] [ProductoService:35] Se inició una operación de guardado de la producto con titulo: Autito
[2023-03-04 16:49:54] [ INFO ] [ProductoService:35] Se inició una operación de guardado de la producto con titulo: Autito
[2023-03-04 16:55:03] [ INFO ] [ProductoService:35] Se inició una operación de guardado de la producto con titulo: Autito
[2023-03-04 16:55:12] [ INFO ] [ProductoService:35] Se inició una operación de guardado de la producto con titulo: Autito
[2023-03-04 16:57:11] [ INFO ] [ProductoService:35] Se inició una operación de guardado de la producto con titulo: Autito
[2023-03-04 17:02:25] [ INFO ] [ProductoService:37] Se inició una operación de guardado de la producto con titulo: Autito
[2023-03-04 17:02:37] [ INFO ] [ProductoService:37] Se inició una operación de guardado de la producto con titulo: Autito
[2023-03-04 17:09:41] [ INFO ] [ProductoService:37] Se inició una operación de guardado de la producto con titulo: Autito
[2023-03-04 17:11:12] [ INFO ] [ProductoService:37] Se inició una operación de guardado de la producto con titulo: Autito
[2023-03-04 17:11:27] [ INFO ] [ProductoService:37] Se inició una operación de guardado de la producto con titulo: Autito
[2023-03-04 17:19:32] [ INFO ] [ProductoService:39] Se inició una operación de guardado de la producto con titulo: Autito
[2023-03-04 17:19:37] [ INFO ] [ProductoService:39] Se inició una operación de guardado de la producto con titulo: Autito
[2023-03-04 17:19:56] [ INFO ] [ProductoService:39] Se inició una operación de guardado de la producto con titulo: Autito
[2023-03-04 17:44:00] [ INFO ] [ProductoService:39] Se inició una operación de guardado de la producto con titulo: Autito
[2023-03-04 18:04:50] [ INFO ] [ProductoService:39] Se inició una operación de guardado de la producto con titulo: Autito
[2023-03-04 18:51:25] [ INFO ] [ImagenService:27] Se inició el listado de todas las imagenes
[2023-03-04 18:51:30] [ INFO ] [ImagenService:32] Se inició una operación de guardado de la imagen con titulo: Autito
[2023-03-04 18:52:22] [ INFO ] [ImagenService:27] Se inició el listado de todas las imagenes
[2023-03-04 18:55:28] [ INFO ] [ImagenService:58] Se inició una operación de búsqueda de la imagen con id=56
[2023-03-04 18:55:59] [ INFO ] [ImagenService:58] Se inició una operación de búsqueda de la imagen con id=56
[2023-03-04 18:55:59] [ WARN ] [ImagenService:47] Se realizo una operación de eliminación de la imagen conid=56
[2023-03-04 18:56:03] [ INFO ] [ImagenService:58] Se inició una operación de búsqueda de la imagen con id=56
[2023-03-04 18:56:21] [ INFO ] [CategoriaService:30] Se inició una operación de guardado de la categoria con titulo: asdf
[2023-03-04 18:57:20] [ INFO ] [ImagenService:58] Se inició una operación de búsqueda de la imagen con id=57
[2023-03-04 18:57:20] [ INFO ] [ImagenService:38] Se inició una operación de actualización de la imagen con id=57
[2023-03-04 18:57:25] [ INFO ] [ImagenService:58] Se inició una operación de búsqueda de la imagen con id=57
[2023-03-04 21:26:33] [ INFO ] [CategoriaService:30] Se inició una operación de guardado de la categoria con titulo: asdf
[2023-03-04 21:27:02] [ INFO ] [ProductoService:34] Se inició una operación de guardado de la producto con titulo: Autito
[2023-03-04 21:28:00] [ INFO ] [ProductoService:34] Se inició una operación de guardado de la producto con titulo: Autito
[2023-03-04 21:28:40] [ INFO ] [ProductoService:34] Se inició una operación de guardado de la producto con titulo: Autito
[2023-03-04 21:59:37] [ INFO ] [CategoriaService:30] Se inició una operación de guardado de la categoria con titulo: asdf
[2023-03-04 22:01:01] [ INFO ] [CategoriaService:30] Se inició una operación de guardado de la categoria con titulo: asdf
[2023-03-04 22:02:09] [ INFO ] [CaracteristicaService:25] Se inició el listado de todas las Caracteristicas
[2023-03-04 22:05:21] [ INFO ] [CaracteristicaService:30] Se inició una operación de guardado de la Caracteristicas con titulo: titulongo
[2023-03-04 22:05:59] [ INFO ] [CaracteristicaService:25] Se inició el listado de todas las Caracteristicas
[2023-03-04 22:06:51] [ INFO ] [ProductoService:34] Se inició una operación de guardado de la producto con titulo: Autito
[2023-03-04 22:06:57] [ INFO ] [CaracteristicaService:25] Se inició el listado de todas las Caracteristicas
[2023-03-04 22:10:37] [ INFO ] [CaracteristicaService:56] Se inició una operación de búsqueda de la Caracteristica con id=71
[2023-03-04 22:10:59] [ INFO ] [CaracteristicaService:56] Se inició una operación de búsqueda de la Caracteristica con id=71
[2023-03-04 22:11:39] [ INFO ] [CaracteristicaService:56] Se inició una operación de búsqueda de la Caracteristica con id=71
[2023-03-04 22:15:50] [ INFO ] [CaracteristicaService:56] Se inició una operación de búsqueda de la Caracteristica con id=71
[2023-03-04 22:16:53] [ INFO ] [CaracteristicaService:56] Se inició una operación de búsqueda de la Caracteristica con id=71
[2023-03-04 22:22:28] [ INFO ] [CaracteristicaService:56] Se inició una operación de búsqueda de la Caracteristica con id=71
[2023-03-04 22:22:33] [ INFO ] [CaracteristicaService:56] Se inició una operación de búsqueda de la Caracteristica con id=71
[2023-03-04 22:57:55] [ INFO ] [CaracteristicaService:56] Se inició una operación de búsqueda de la Caracteristica con id=71
[2023-03-04 22:58:06] [ INFO ] [ProductoService:60] Se inició una operación de búsqueda de la producto con id=27
[2023-03-04 22:58:06] [ WARN ] [ProductoService:49] Se realizo una operación de eliminación de la producto conid=27
[2023-03-04 22:58:09] [ INFO ] [CaracteristicaService:56] Se inició una operación de búsqueda de la Caracteristica con id=71
[2023-03-04 22:58:17] [ INFO ] [CaracteristicaService:56] Se inició una operación de búsqueda de la Caracteristica con id=71
[2023-03-04 22:59:08] [ INFO ] [CaracteristicaService:56] Se inició una operación de búsqueda de la Caracteristica con id=71
[2023-03-04 22:59:18] [ INFO ] [ProductoService:60] Se inició una operación de búsqueda de la producto con id=27
[2023-03-04 22:59:31] [ INFO ] [CaracteristicaService:56] Se inició una operación de búsqueda de la Caracteristica con id=71
[2023-03-04 22:59:36] [ INFO ] [ProductoService:60] Se inició una operación de búsqueda de la producto con id=27
[2023-03-04 22:59:36] [ WARN ] [ProductoService:49] Se realizo una operación de eliminación de la producto conid=27
[2023-03-04 22:59:39] [ INFO ] [ProductoService:60] Se inició una operación de búsqueda de la producto con id=27
[2023-03-04 22:59:39] [ WARN ] [ProductoService:49] Se realizo una operación de eliminación de la producto conid=27
[2023-03-04 22:59:39] [ INFO ] [ProductoService:60] Se inició una operación de búsqueda de la producto con id=27
[2023-03-04 22:59:39] [ WARN ] [ProductoService:49] Se realizo una operación de eliminación de la producto conid=27
[2023-03-04 22:59:45] [ INFO ] [ProductoService:60] Se inició una operación de búsqueda de la producto con id=27
[2023-03-04 23:03:16] [ INFO ] [ProductoService:60] Se inició una operación de búsqueda de la producto con id=27
[2023-03-04 23:03:19] [ INFO ] [ProductoService:60] Se inició una operación de búsqueda de la producto con id=27
[2023-03-04 23:03:19] [ WARN ] [ProductoService:49] Se realizo una operación de eliminación de la producto conid=27
[2023-03-04 23:03:58] [ INFO ] [ProductoService:29] Se inició el listado de todas las productos
[2023-03-04 23:04:24] [ INFO ] [ProductoService:60] Se inició una operación de búsqueda de la producto con id=26
[2023-03-04 23:04:37] [ INFO ] [ProductoService:60] Se inició una operación de búsqueda de la producto con id=26
[2023-03-04 23:04:37] [ WARN ] [ProductoService:49] Se realizo una operación de eliminación de la producto conid=26
[2023-03-04 23:04:40] [ INFO ] [ProductoService:60] Se inició una operación de búsqueda de la producto con id=26
[2023-03-04 23:04:43] [ INFO ] [ProductoService:60] Se inició una operación de búsqueda de la producto con id=27
[2023-03-04 23:05:02] [ INFO ] [CaracteristicaService:56] Se inició una operación de búsqueda de la Caracteristica con id=71
[2023-03-04 23:05:32] [ INFO ] [ProductoService:60] Se inició una operación de búsqueda de la producto con id=7
[2023-03-04 23:05:32] [ WARN ] [ProductoService:49] Se realizo una operación de eliminación de la producto conid=7
[2023-03-04 23:05:37] [ INFO ] [ProductoService:60] Se inició una operación de búsqueda de la producto con id=7
[2023-03-04 23:06:09] [ INFO ] [ProductoService:60] Se inició una operación de búsqueda de la producto con id=7
[2023-03-04 23:06:09] [ WARN ] [ProductoService:49] Se realizo una operación de eliminación de la producto conid=7
[2023-03-04 23:08:54] [ INFO ] [ImagenService:58] Se inició una operación de búsqueda de la imagen con id=57
[2023-03-04 23:09:00] [ INFO ] [ImagenService:58] Se inició una operación de búsqueda de la imagen con id=57
[2023-03-04 23:09:00] [ WARN ] [ImagenService:47] Se realizo una operación de eliminación de la imagen conid=57
[2023-03-04 23:09:01] [ INFO ] [ImagenService:58] Se inició una operación de búsqueda de la imagen con id=57
[2023-03-04 23:09:06] [ INFO ] [ImagenService:58] Se inició una operación de búsqueda de la imagen con id=57
[2023-03-04 23:10:02] [ INFO ] [ProductoService:60] Se inició una operación de búsqueda de la producto con id=7
[2023-03-04 23:10:02] [ WARN ] [ProductoService:49] Se realizo una operación de eliminación de la producto conid=7
[2023-03-04 23:10:04] [ INFO ] [ProductoService:60] Se inició una operación de búsqueda de la producto con id=7
[2023-03-04 23:10:04] [ WARN ] [ProductoService:49] Se realizo una operación de eliminación de la producto conid=7
[2023-03-04 23:10:05] [ INFO ] [ProductoService:60] Se inició una operación de búsqueda de la producto con id=7
[2023-03-04 23:10:05] [ WARN ] [ProductoService:49] Se realizo una operación de eliminación de la producto conid=7
[2023-03-04 23:10:07] [ INFO ] [ProductoService:60] Se inició una operación de búsqueda de la producto con id=7
[2023-03-04 23:10:07] [ WARN ] [ProductoService:49] Se realizo una operación de eliminación de la producto conid=7
[2023-03-04 23:10:07] [ INFO ] [ProductoService:60] Se inició una operación de búsqueda de la producto con id=7
[2023-03-04 23:10:07] [ WARN ] [ProductoService:49] Se realizo una operación de eliminación de la producto conid=7
[2023-03-04 23:10:10] [ INFO ] [ProductoService:60] Se inició una operación de búsqueda de la producto con id=7
